make.exe all --print-data-base --no-builtin-variables --no-builtin-rules --question
make: *** No rule to make target 'all'.  Stop.

# GNU Make 4.3
# Built for Windows32
# Copyright (C) 1988-2020 Free Software Foundation, Inc.
# License GPLv3+: GNU GPL version 3 or later <http://gnu.org/licenses/gpl.html>
# This is free software: you are free to change and redistribute it.
# There is NO WARRANTY, to the extent permitted by law.

# Make data base, printed on Fri Jul 08 09:27:11 2022

# Variables

# environment
SYSTEMDRIVE = C:
# makefile (from 'Makefile', line 11)
OBJ = Button.o TextBox.o TextToWindow.o MessageBox.o CheckBox.o Test.o
# environment
LC_ALL = C
# environment
VBOX_HWVIRTEX_IGNORE_SVM_IN_USE = 1
# environment
USERPROFILE = C:\Users\vuksm
# environment
LOCALAPPDATA = C:\Users\vuksm\AppData\Local
# environment
VSCODE_CWD = D:\VS Code Vuk
# environment
SYSTEMROOT = C:\Windows
# makefile (from 'Makefile', line 6)
LIBS = -lm -lsfml-graphics -lsfml-audio -lsfml-window -lsfml-system
# environment
PROCESSOR_LEVEL = 21
# environment
PSMODULEPATH = C:\Program Files\WindowsPowerShell\Modules;C:\Windows\system32\WindowsPowerShell\v1.0\Modules
# default
MAKE_COMMAND := make.exe
# automatic
@D = $(patsubst %/,%,$(patsubst %\,%,$(dir $@)))
# environment
CHROME_CRASHPAD_PIPE_NAME = \\.\pipe\crashpad_3184_TVMGMWSXXWEWIKUK
# environment
VSCODE_HANDLES_UNCAUGHT_ERRORS = true
# default
.VARIABLES := 
# automatic
%D = $(patsubst %/,%,$(patsubst %\,%,$(dir $%)))
# automatic
^D = $(patsubst %/,%,$(patsubst %\,%,$(dir $^)))
# automatic
%F = $(notdir $%)
# environment
VSCODE_CODE_CACHE_PATH = C:\Users\vuksm\AppData\Roaming\Code\CachedData\92d25e35d9bf1a6b16f7d0758f25d48ace11e5b9
# makefile (from 'Makefile', line 8)
_DEPS = Button.hpp TextBox.hpp TextToWindow.hpp MessageBox.hpp CheckBox.hpp
# environment
LANG = C
# default
.LOADED := 
# environment
TMP = C:\Users\vuksm\AppData\Local\Temp
# default
.INCLUDE_DIRS = .
# makefile
MAKEFLAGS = pqrR
# environment
ONEDRIVE = C:\Users\vuksm\OneDrive
# makefile
CURDIR := d:/VS Code Vuk/SFMLUI
# environment
APPLICATION_INSIGHTS_NO_DIAGNOSTIC_CHANNEL = 1
# automatic
*D = $(patsubst %/,%,$(patsubst %\,%,$(dir $*)))
# environment
PROGRAMFILES = C:\Program Files
# environment
MFLAGS = -pqrR
# default
.SHELLFLAGS := -c
# environment
COMMONPROGRAMW6432 = C:\Program Files\Common Files
# automatic
+D = $(patsubst %/,%,$(patsubst %\,%,$(dir $+)))
# makefile (from 'Makefile', line 2)
ODIR = obj
# makefile (from 'Makefile', line 1)
MAKEFILE_LIST := Makefile
# automatic
@F = $(notdir $@)
# environment
VSCODE_PID = 3184
# automatic
?D = $(patsubst %/,%,$(patsubst %\,%,$(dir $?)))
# environment
__PSLOCKDOWNPOLICY = 0
# automatic
*F = $(notdir $*)
# automatic
<D = $(patsubst %/,%,$(patsubst %\,%,$(dir $<)))
# environment
VSCODE_NLS_CONFIG = {"locale":"en-us","availableLanguages":{},"_languagePackSupport":true}
# makefile (from 'Makefile', line 1)
IDIR = Headers
# environment
ONEDRIVECONSUMER = C:\Users\vuksm\OneDrive
# default
MAKE_HOST := Windows32
# environment
PROGRAMDATA = C:\ProgramData
# default
SHELL := sh.exe
# environment
HOMEPATH = \Users\vuksm
# default
MAKECMDGOALS := all
# environment
DRIVERDATA = C:\Windows\System32\Drivers\DriverData
# environment
COMSPEC = C:\Windows\system32\cmd.exe
# environment
WINDIR = C:\Windows
# environment
MAKELEVEL := 0
# default
MAKE = $(MAKE_COMMAND)
# environment
PATH = C:\Program Files\Microsoft\jdk-11.0.12.7-hotspot\bin;C:\Windows\system32;C:\Windows;C:\Windows\System32\Wbem;C:\Windows\System32\WindowsPowerShell\v1.0\;C:\Windows\System32\OpenSSH\;C:\Program Files\Git\cmd;C:\Program Files\dotnet\;C:\Users\vuksm\AppData\Local\Microsoft\WindowsApps;C:\Users\vuksm\AppData\Local\Programs\Microsoft VS Code\bin;C:\msys64\mingw64\bin;C:\Program Files\CMake\bin;C:\Users\vuksm\.dotnet\tools
# environment
COMPUTERNAME = DESKTOP-CJ1VHKH
# default
MAKEFILES := 
# automatic
^F = $(notdir $^)
# environment
PROMPT = $P$G
# environment
WXWIN = D:\SDK Folder\WxWidgets
# environment
LOGONSERVER = \\DESKTOP-CJ1VHKH
# environment
USERNAME = vuksm
# environment
COMMONPROGRAMFILES = C:\Program Files\Common Files
# automatic
?F = $(notdir $?)
# environment
PROGRAMW6432 = C:\Program Files
# environment
PATHEXT = .COM;.EXE;.BAT;.CMD;.VBS;.VBE;.JS;.JSE;.WSF;.WSH;.MSC
# automatic
+F = $(notdir $+)
# environment
ORIGINAL_XDG_CURRENT_DESKTOP = undefined
# environment
USERDOMAIN = DESKTOP-CJ1VHKH
# 'override' directive
GNUMAKEFLAGS := 
# environment
OS = Windows_NT
# makefile (from 'Makefile', line 4)
CPPFLAGS = -I$(IDIR) $(LIBS)
# makefile
.DEFAULT_GOAL := Test.exe
# default
MAKE_VERSION := 4.3
# environment
PROGRAMFILES(X86) = C:\Program Files (x86)
# environment
USERDOMAIN_ROAMINGPROFILE = DESKTOP-CJ1VHKH
# environment
NUMBER_OF_PROCESSORS = 6
# environment
PUBLIC = C:\Users\Public
# environment
APPDATA = C:\Users\vuksm\AppData\Roaming
# environment
HOMEDRIVE = C:
# environment
PROCESSOR_ARCHITECTURE = AMD64
# environment
VSCODE_AMD_ENTRYPOINT = vs/workbench/api/node/extensionHostProcess
# environment
COMMONPROGRAMFILES(X86) = C:\Program Files (x86)\Common Files
# environment
ELECTRON_RUN_AS_NODE = 1
# environment
TEMP = C:\Users\vuksm\AppData\Local\Temp
# environment
VSCODE_IPC_HOOK = \\.\pipe\5350ca4acc9dc109812a3328327ec898-1.69.0-main-sock
# default
.RECIPEPREFIX := 
# automatic
<F = $(notdir $<)
# makefile (from 'Makefile', line 9)
DEPS = $(patsubst %,$(IDIR)/%,$(_DEPS))
# default
SUFFIXES := 
# environment
ALLUSERSPROFILE = C:\ProgramData
# environment
SESSIONNAME = Console
# default
.FEATURES := target-specific order-only second-expansion else-if shortest-stem undefine oneshell nocomment grouped-target extra-prereqs archives jobserver output-sync load
# environment
PROCESSOR_REVISION = 0102
# makefile (from 'Makefile', line 3)
CC = g++
# environment
PROCESSOR_IDENTIFIER = AMD64 Family 21 Model 1 Stepping 2, AuthenticAMD
# variable set hash-table stats:
# Load=98/1024=10%, Rehash=0, Collisions=10/129=8%

# Pattern-specific Variable Values

# No pattern-specific variable values.

# Directories

# . (key d:/VS Code Vuk/SFMLUI, mtime 1657264300): 24 files, no impossibilities.

# 24 files, no impossibilities in 1 directories.

# Implicit Rules

%.o: %.cpp Headers/Button.hpp Headers/TextBox.hpp Headers/TextToWindow.hpp Headers/MessageBox.hpp Headers/CheckBox.hpp
#  recipe to execute (from 'Makefile', line 14):
	$(CC) -c -o $@ $< $(CPPFLAGS)

# 1 implicit rules, 0 (0.0%) terminal.
# Files

# Not a target:
Makefile:
#  Implicit rule search has been done.
#  Last modified 2022-07-08 09:10:05
#  File has been updated.
#  Successfully updated.

# Not a target:
Button.o:
#  Implicit rule search has not been done.
#  Modification time never checked.
#  File has not been updated.

Test.exe: Button.o TextBox.o TextToWindow.o MessageBox.o CheckBox.o Test.o
#  Implicit rule search has not been done.
#  Modification time never checked.
#  File has not been updated.
#  recipe to execute (from 'Makefile', line 17):
	$(CC) -o $@ $^ $(CPPFLAGS)

# Not a target:
MessageBox.o:
#  Implicit rule search has not been done.
#  Modification time never checked.
#  File has not been updated.

clean:
#  Phony target (prerequisite of .PHONY).
#  Implicit rule search has not been done.
#  File does not exist.
#  File has not been updated.
#  recipe to execute (from 'Makefile', line 22):
	del *.o *.exe

# Not a target:
TextBox.o:
#  Implicit rule search has not been done.
#  Modification time never checked.
#  File has not been updated.

# Not a target:
.DEFAULT:
#  Implicit rule search has not been done.
#  Modification time never checked.
#  File has not been updated.

# Not a target:
all:
#  Command line target.
#  Implicit rule search has been done.
#  File does not exist.
#  File has not been updated.

# Not a target:
CheckBox.o:
#  Implicit rule search has not been done.
#  Modification time never checked.
#  File has not been updated.

# Not a target:
TextToWindow.o:
#  Implicit rule search has not been done.
#  Modification time never checked.
#  File has not been updated.

.PHONY: clean
#  Implicit rule search has not been done.
#  Modification time never checked.
#  File has not been updated.

# Not a target:
Test.o:
#  Implicit rule search has not been done.
#  Modification time never checked.
#  File has not been updated.

# files hash-table stats:
# Load=13/1024=1%, Rehash=0, Collisions=0/31=0%
# VPATH Search Paths

# No 'vpath' search paths.

# No general ('VPATH' variable) search path.

# strcache buffers: 1 (0) / strings = 43 / storage = 565 B / avg = 13 B
# current buf: size = 8162 B / used = 565 B / count = 43 / avg = 13 B

# strcache performance: lookups = 51 / hit rate = 15%
# hash-table stats:
# Load=43/8192=1%, Rehash=0, Collisions=0/51=0%
# Finished Make data base on Fri Jul 08 09:27:11 2022

 
